A GET call was made to "/setupdb" on 1-7-2025 at 15:29:54
A GET call was made to "/home" on 1-7-2025 at 15:30:48
A GET call was made to "/products" on 1-7-2025 at 15:32:12
A GET call was made to "/setupdb" on 1-7-2025 at 15:43:48
A GET call was made to "/home" on 1-7-2025 at 15:43:58
A GET call was made to "/products" on 1-7-2025 at 15:44:10
A GET call was made to "/quaterlyResult" on 1-7-2025 at 15:45:53
A GET call was made to "/contactus" on 1-7-2025 at 15:46:12
A GET call was made to "/productDetails/Product%20One" on 1-7-2025 at 15:47:48
A POST call was made to "/supplierRegister" on 1-7-2025 at 15:50:13
A POST call was made to "/supplierRegister" on 1-7-2025 at 15:50:34
A POST call was made to "/supplierRegister" on 1-7-2025 at 15:52:20
A POST call was made to "/supplierUpdateContactNumber" on 1-7-2025 at 15:53:7
A POST call was made to "/supplierRemove" on 1-7-2025 at 15:53:49
A DELETE call was made to "/supplierRemove" on 1-7-2025 at 15:54:19
A PUT call was made to "/supplierUpdateContactNumber" on 1-7-2025 at 15:54:45
A POST call was made to "/supplierRegister" on 1-7-2025 at 15:55:0
A POST call was made to "/supplierRegister" on 1-7-2025 at 15:56:16
A POST call was made to "/supplierRegister" on 1-7-2025 at 15:56:32
A PUT call was made to "/supplierUpdateContactNumber" on 1-7-2025 at 15:56:55
A DELETE call was made to "/supplierRemove" on 1-7-2025 at 15:57:11
A DELETE call was made to "/supplierRemove" on 1-7-2025 at 16:9:53
A GET call was made to "/home" on 1-7-2025 at 16:15:55
A GET call was made to "/contactus" on 1-7-2025 at 16:15:55
A GET call was made to "/products" on 1-7-2025 at 16:15:55
A GET call was made to "/products" on 1-7-2025 at 16:15:55
A GET call was made to "/home" on 1-7-2025 at 16:15:55
A GET call was made to "/contactus" on 1-7-2025 at 16:15:55
A GET call was made to "/home" on 1-7-2025 at 16:16:0
A GET call was made to "/products" on 1-7-2025 at 16:16:0
A GET call was made to "/contactus" on 1-7-2025 at 16:16:0
A GET call was made to "/home" on 1-7-2025 at 16:16:0
A GET call was made to "/contactus" on 1-7-2025 at 16:16:0
A GET call was made to "/products" on 1-7-2025 at 16:16:0
A GET call was made to "/quaterlyResult?quater=Q3&fyear=2020" on 1-7-2025 at 16:16:30
A POST call was made to "/supplierRegister" on 1-7-2025 at 16:17:55
A GET call was made to "/productDetails/Product%20One" on 1-7-2025 at 16:19:20
A GET call was made to "/productDetails/Product%20Two" on 1-7-2025 at 16:19:32
A GET call was made to "/productDetails/Product,Three" on 1-7-2025 at 16:19:42
A GET call was made to "/productDetails/ProductThree" on 1-7-2025 at 16:19:53
A GET call was made to "/quaterlyResult?quater=Q3&fyear=2020" on 1-7-2025 at 16:20:2
A DELETE call was made to "/supplierRemove" on 1-7-2025 at 16:20:45
A PUT call was made to "/supplierUpdateContactNumber" on 1-7-2025 at 16:21:4
A POST call was made to "/supplierRegister" on 1-7-2025 at 16:21:11
A PUT call was made to "/supplierUpdateContactNumber" on 1-7-2025 at 16:21:14
A PUT call was made to "/supplierUpdateContactNumber" on 1-7-2025 at 16:21:18
A DELETE call was made to "/supplierRemove" on 1-7-2025 at 16:21:23
A GET call was made to "/home" on 1-7-2025 at 16:23:36
A GET call was made to "/products" on 1-7-2025 at 16:23:36
A GET call was made to "/contactus" on 1-7-2025 at 16:23:36
A GET call was made to "/home" on 1-7-2025 at 16:23:36
A GET call was made to "/products" on 1-7-2025 at 16:23:36
A GET call was made to "/contactus" on 1-7-2025 at 16:23:36
A GET call was made to "/home" on 1-7-2025 at 16:23:46
A GET call was made to "/products" on 1-7-2025 at 16:23:46
A GET call was made to "/contactus" on 1-7-2025 at 16:23:46
A GET call was made to "/home" on 1-7-2025 at 16:23:46
A GET call was made to "/products" on 1-7-2025 at 16:23:46
A GET call was made to "/contactus" on 1-7-2025 at 16:23:46
A GET call was made to "/productDetails/Product%20One" on 1-7-2025 at 16:23:54
A GET call was made to "/productDetails/Product%20Two" on 1-7-2025 at 16:24:1
A GET call was made to "/productDetails/Product%20Three" on 1-7-2025 at 16:24:8
A POST call was made to "/quaterlyResult" on 1-7-2025 at 16:24:11
A POST call was made to "/quaterlyResult" on 1-7-2025 at 16:24:34
A POST call was made to "/supplierRegister" on 1-7-2025 at 16:25:31
A POST call was made to "/supplierRegister" on 1-7-2025 at 16:25:56
A PUT call was made to "/supplierUpdateContactNumber" on 1-7-2025 at 16:26:12
A PUT call was made to "/supplierUpdateContactNumber" on 1-7-2025 at 16:26:18
A DELETE call was made to "/supplierRemove" on 1-7-2025 at 16:26:53
